<?xml version="1.0" encoding="utf-8"?>
<TestRun id="18443470-86e3-43fd-b7f4-dbd35405714a" name="tanak@DIWJIW 2026-01-30 19:28:20" runUser="DIWJIW\tanak" xmlns="http://microsoft.com/schemas/VisualStudio/TeamTest/2010">
  <Times creation="2026-01-30T19:28:20.5356587+07:00" queuing="2026-01-30T19:28:20.5356590+07:00" start="2026-01-30T19:28:19.8928120+07:00" finish="2026-01-30T19:28:20.5468671+07:00" />
  <TestSettings name="default" id="7961dd1b-316e-418a-8b1c-92bdb8a2ae2b">
    <Deployment runDeploymentRoot="tanak_DIWJIW_2026-01-30_19_28_20" />
  </TestSettings>
  <Results>
    <UnitTestResult executionId="9e261bfe-ba9f-4128-b5ba-019ebe65922d" testId="7e239b16-5c0b-5191-f419-5591f3700754" testName="EmployeeLeaveApi.Tests.UnitTest1.Test1" computerName="DIWJIW" duration="00:00:00.0017239" startTime="2026-01-30T19:28:20.3172364+07:00" endTime="2026-01-30T19:28:20.3224640+07:00" testType="13cdc9d9-ddb5-4fa4-a97d-d965ccfc6d4b" outcome="Passed" testListId="8c84fa94-04c1-424b-9868-57a2d4851a1d" relativeResultsDirectory="9e261bfe-ba9f-4128-b5ba-019ebe65922d" />
    <UnitTestResult executionId="87da5342-a07b-4981-834e-08770fcd1e45" testId="d0bee699-a2c6-8acf-81e8-a82c51a08b89" testName="EmployeeLeaveApi.Tests.LeaveServiceTests.ApproveAsync_ShouldSucceed_AndNotifyUser" computerName="DIWJIW" duration="00:00:00.1248335" startTime="2026-01-30T19:28:20.3164462+07:00" endTime="2026-01-30T19:28:20.4520684+07:00" testType="13cdc9d9-ddb5-4fa4-a97d-d965ccfc6d4b" outcome="Failed" testListId="8c84fa94-04c1-424b-9868-57a2d4851a1d" relativeResultsDirectory="87da5342-a07b-4981-834e-08770fcd1e45">
      <Output>
        <ErrorInfo>
          <Message>Assert.NotNull() Failure: Value is null</Message>
          <StackTrace>   at EmployeeLeaveApi.Tests.LeaveServiceTests.ApproveAsync_ShouldSucceed_AndNotifyUser() in D:\Employee-Leave-System\emp_leave_backend\tests\EmployeeLeaveApi.Tests\LeaveServiceTests.cs:line 126&#xD;
--- End of stack trace from previous location ---</StackTrace>
        </ErrorInfo>
      </Output>
    </UnitTestResult>
    <UnitTestResult executionId="0609c786-eaa4-4f75-9c12-f908d7b2b9cd" testId="d2441fb5-a118-1827-9ed5-e94a97c62668" testName="EmployeeLeaveApi.Tests.LeaveServiceTests.ApproveAsync_ShouldReturnNull_WhenRequestNotFound" computerName="DIWJIW" duration="00:00:00.0014606" startTime="2026-01-30T19:28:20.4556280+07:00" endTime="2026-01-30T19:28:20.4556668+07:00" testType="13cdc9d9-ddb5-4fa4-a97d-d965ccfc6d4b" outcome="Passed" testListId="8c84fa94-04c1-424b-9868-57a2d4851a1d" relativeResultsDirectory="0609c786-eaa4-4f75-9c12-f908d7b2b9cd" />
  </Results>
  <TestDefinitions>
    <UnitTest name="EmployeeLeaveApi.Tests.UnitTest1.Test1" storage="d:\employee-leave-system\emp_leave_backend\tests\employeeleaveapi.tests\bin\debug\net8.0\employeeleaveapi.tests.dll" id="7e239b16-5c0b-5191-f419-5591f3700754">
      <Execution id="9e261bfe-ba9f-4128-b5ba-019ebe65922d" />
      <TestMethod codeBase="D:\Employee-Leave-System\emp_leave_backend\tests\EmployeeLeaveApi.Tests\bin\Debug\net8.0\EmployeeLeaveApi.Tests.dll" adapterTypeName="executor://xunit/VsTestRunner3/netcore/" className="EmployeeLeaveApi.Tests.UnitTest1" name="Test1" />
    </UnitTest>
    <UnitTest name="EmployeeLeaveApi.Tests.LeaveServiceTests.ApproveAsync_ShouldSucceed_AndNotifyUser" storage="d:\employee-leave-system\emp_leave_backend\tests\employeeleaveapi.tests\bin\debug\net8.0\employeeleaveapi.tests.dll" id="d0bee699-a2c6-8acf-81e8-a82c51a08b89">
      <Execution id="87da5342-a07b-4981-834e-08770fcd1e45" />
      <TestMethod codeBase="D:\Employee-Leave-System\emp_leave_backend\tests\EmployeeLeaveApi.Tests\bin\Debug\net8.0\EmployeeLeaveApi.Tests.dll" adapterTypeName="executor://xunit/VsTestRunner3/netcore/" className="EmployeeLeaveApi.Tests.LeaveServiceTests" name="ApproveAsync_ShouldSucceed_AndNotifyUser" />
    </UnitTest>
    <UnitTest name="EmployeeLeaveApi.Tests.LeaveServiceTests.ApproveAsync_ShouldReturnNull_WhenRequestNotFound" storage="d:\employee-leave-system\emp_leave_backend\tests\employeeleaveapi.tests\bin\debug\net8.0\employeeleaveapi.tests.dll" id="d2441fb5-a118-1827-9ed5-e94a97c62668">
      <Execution id="0609c786-eaa4-4f75-9c12-f908d7b2b9cd" />
      <TestMethod codeBase="D:\Employee-Leave-System\emp_leave_backend\tests\EmployeeLeaveApi.Tests\bin\Debug\net8.0\EmployeeLeaveApi.Tests.dll" adapterTypeName="executor://xunit/VsTestRunner3/netcore/" className="EmployeeLeaveApi.Tests.LeaveServiceTests" name="ApproveAsync_ShouldReturnNull_WhenRequestNotFound" />
    </UnitTest>
  </TestDefinitions>
  <TestEntries>
    <TestEntry testId="7e239b16-5c0b-5191-f419-5591f3700754" executionId="9e261bfe-ba9f-4128-b5ba-019ebe65922d" testListId="8c84fa94-04c1-424b-9868-57a2d4851a1d" />
    <TestEntry testId="d0bee699-a2c6-8acf-81e8-a82c51a08b89" executionId="87da5342-a07b-4981-834e-08770fcd1e45" testListId="8c84fa94-04c1-424b-9868-57a2d4851a1d" />
    <TestEntry testId="d2441fb5-a118-1827-9ed5-e94a97c62668" executionId="0609c786-eaa4-4f75-9c12-f908d7b2b9cd" testListId="8c84fa94-04c1-424b-9868-57a2d4851a1d" />
  </TestEntries>
  <TestLists>
    <TestList name="Results Not in a List" id="8c84fa94-04c1-424b-9868-57a2d4851a1d" />
    <TestList name="All Loaded Results" id="19431567-8539-422a-85d7-44ee4e166bda" />
  </TestLists>
  <ResultSummary outcome="Failed">
    <Counters total="3" executed="3" passed="2" failed="1" error="0" timeout="0" aborted="0" inconclusive="0" passedButRunAborted="0" notRunnable="0" notExecuted="0" disconnected="0" warning="0" completed="0" inProgress="0" pending="0" />
    <Output>
      <StdOut>[xUnit.net 00:00:00.00] xUnit.net VSTest Adapter v3.1.4+50e68bbb8b (64-bit .NET 8.0.22)&#xD;
[xUnit.net 00:00:00.06]   Discovering: EmployeeLeaveApi.Tests&#xD;
[xUnit.net 00:00:00.09]   Discovered:  EmployeeLeaveApi.Tests&#xD;
[xUnit.net 00:00:00.11]   Starting:    EmployeeLeaveApi.Tests&#xD;
[xUnit.net 00:00:00.26]       Assert.NotNull() Failure: Value is null&#xD;
[xUnit.net 00:00:00.26]       Stack Trace:&#xD;
[xUnit.net 00:00:00.26]         D:\Employee-Leave-System\emp_leave_backend\tests\EmployeeLeaveApi.Tests\LeaveServiceTests.cs(126,0): at EmployeeLeaveApi.Tests.LeaveServiceTests.ApproveAsync_ShouldSucceed_AndNotifyUser()&#xD;
[xUnit.net 00:00:00.26]         --- End of stack trace from previous location ---&#xD;
[xUnit.net 00:00:00.26]   Finished:    EmployeeLeaveApi.Tests&#xD;
</StdOut>
    </Output>
    <RunInfos>
      <RunInfo computerName="DIWJIW" outcome="Error" timestamp="2026-01-30T19:28:20.4538375+07:00">
        <Text>[xUnit.net 00:00:00.26]     EmployeeLeaveApi.Tests.LeaveServiceTests.ApproveAsync_ShouldSucceed_AndNotifyUser [FAIL]</Text>
      </RunInfo>
    </RunInfos>
  </ResultSummary>
</TestRun>